mode: set
github.com/TudorHulban/HERA/pgHERA/pg_helpers.go:9.51,14.26 4 0
github.com/TudorHulban/HERA/pgHERA/pg_helpers.go:18.2,18.18 1 0
github.com/TudorHulban/HERA/pgHERA/pg_helpers.go:34.2,34.18 1 0
github.com/TudorHulban/HERA/pgHERA/pg_helpers.go:14.26,16.3 1 0
github.com/TudorHulban/HERA/pgHERA/pg_helpers.go:18.18,22.31 3 0
github.com/TudorHulban/HERA/pgHERA/pg_helpers.go:26.3,27.21 2 0
github.com/TudorHulban/HERA/pgHERA/pg_helpers.go:30.3,32.43 3 0
github.com/TudorHulban/HERA/pgHERA/pg_helpers.go:22.31,24.4 1 0
github.com/TudorHulban/HERA/pgHERA/pg_helpers.go:27.21,29.4 1 0
github.com/TudorHulban/HERA/pgHERA/pg_model_co.go:27.35,31.20 3 1
github.com/TudorHulban/HERA/pgHERA/pg_model_co.go:34.2,35.21 2 1
github.com/TudorHulban/HERA/pgHERA/pg_model_co.go:38.2,41.8 1 1
github.com/TudorHulban/HERA/pgHERA/pg_model_co.go:31.20,33.3 1 0
github.com/TudorHulban/HERA/pgHERA/pg_model_co.go:35.21,37.3 1 0
github.com/TudorHulban/HERA/pgHERA/pg_model_co.go:45.51,49.70 3 0
github.com/TudorHulban/HERA/pgHERA/pg_model_co.go:52.2,52.16 1 0
github.com/TudorHulban/HERA/pgHERA/pg_model_co.go:55.2,55.76 1 0
github.com/TudorHulban/HERA/pgHERA/pg_model_co.go:49.70,51.3 1 0
github.com/TudorHulban/HERA/pgHERA/pg_model_co.go:52.16,54.3 1 0
github.com/TudorHulban/HERA/pgHERA/pg_model_sql.go:4.50,6.17 2 0
github.com/TudorHulban/HERA/pgHERA/pg_model_sql.go:10.2,11.17 2 0
github.com/TudorHulban/HERA/pgHERA/pg_model_sql.go:14.2,14.18 1 0
github.com/TudorHulban/HERA/pgHERA/pg_model_sql.go:6.17,8.3 1 0
github.com/TudorHulban/HERA/pgHERA/pg_model_sql.go:11.17,13.3 1 0
github.com/TudorHulban/HERA/pgHERA/pg_table_reflect.go:24.45,25.57 1 1
github.com/TudorHulban/HERA/pgHERA/pg_table_reflect.go:25.57,27.3 1 0
github.com/TudorHulban/HERA/pgHERA/pg_table_reflect.go:27.8,29.3 1 1
